test_p1 (__main__.Test.test_p1) ... ok
test_p10 (__main__.Test.test_p10) ... ERROR
test_p2 (__main__.Test.test_p2) ... ok
test_p3 (__main__.Test.test_p3) ... ok
test_p4 (__main__.Test.test_p4) ... ERROR
test_p5 (__main__.Test.test_p5) ... FAIL
test_p6 (__main__.Test.test_p6) ... ok
test_p7 (__main__.Test.test_p7) ... ERROR
test_p8 (__main__.Test.test_p8) ... ok
test_p9 (__main__.Test.test_p9) ... FAIL

======================================================================
ERROR: test_p10 (__main__.Test.test_p10)
----------------------------------------------------------------------
Traceback (most recent call last):
  File "/Users/seanmckinney/Desktop/prg-basics-UEK/06-Test1/check-test1-ZIISS1-1112.py", line 69, in test_p10
    import p10
ModuleNotFoundError: No module named 'p10'

======================================================================
ERROR: test_p4 (__main__.Test.test_p4)
----------------------------------------------------------------------
Traceback (most recent call last):
  File "/Users/seanmckinney/Desktop/prg-basics-UEK/06-Test1/check-test1-ZIISS1-1112.py", line 31, in test_p4
    import p4
ModuleNotFoundError: No module named 'p4'

======================================================================
ERROR: test_p7 (__main__.Test.test_p7)
----------------------------------------------------------------------
Traceback (most recent call last):
  File "/Users/seanmckinney/Desktop/prg-basics-UEK/06-Test1/check-test1-ZIISS1-1112.py", line 51, in test_p7
    import p7
ModuleNotFoundError: No module named 'p7'

======================================================================
FAIL: test_p5 (__main__.Test.test_p5)
----------------------------------------------------------------------
Traceback (most recent call last):
  File "/Users/seanmckinney/Desktop/prg-basics-UEK/06-Test1/check-test1-ZIISS1-1112.py", line 40, in test_p5
    self.assertEqual(p5.f("15:05:60"),False)
    ~~~~~~~~~~~~~~~~^^^^^^^^^^^^^^^^^^^^^^^^
AssertionError: True != False

======================================================================
FAIL: test_p9 (__main__.Test.test_p9)
----------------------------------------------------------------------
Traceback (most recent call last):
  File "/Users/seanmckinney/Desktop/prg-basics-UEK/06-Test1/check-test1-ZIISS1-1112.py", line 65, in test_p9
    self.assertEqual(p9.f("S,M,S,S,M"),"L")
    ~~~~~~~~~~~~~~~~^^^^^^^^^^^^^^^^^^^^^^^
AssertionError: 'M' != 'L'
- M
+ L


----------------------------------------------------------------------
Ran 10 tests in 0.003s

FAILED (failures=2, errors=3)
